<?xml version="1.0" encoding="UTF-8"?>
<testng-results ignored="0" total="1" passed="1" failed="0" skipped="0">
  <reporter-output>
  </reporter-output>
  <suite started-at="2023-05-16T14:23:43 IST" name="Default suite" finished-at="2023-05-16T14:23:46 IST" duration-ms="2802">
    <groups>
    </groups>
    <test started-at="2023-05-16T14:23:43 IST" name="Default test" finished-at="2023-05-16T14:23:46 IST" duration-ms="2802">
      <class name="RequestCollection.Post">
        <test-method signature="TC1()[pri:0, instance:RequestCollection.Post@130c12b7]" started-at="2023-05-16T14:23:43 IST" name="TC1" finished-at="2023-05-16T14:23:46 IST" duration-ms="2751" status="PASS">
          <reporter-output>
          </reporter-output>
        </test-method> <!-- TC1 -->
      </class> <!-- RequestCollection.Post -->
    </test> <!-- Default test -->
  </suite> <!-- Default suite -->
</testng-results>
